c:\projects\adventofcode2022\adventofcodecpp\x64\debug\vc143.pdb
c:\projects\adventofcode2022\adventofcodecpp\x64\debug\vc143.idb
c:\projects\adventofcode2022\adventofcodecpp\x64\debug\day8.obj
c:\projects\adventofcode2022\adventofcodecpp\x64\debug\day7.obj
c:\projects\adventofcode2022\adventofcodecpp\x64\debug\adventofcodecpp.obj
c:\projects\adventofcode2022\adventofcodecpp\x64\debug\stringutils.obj
c:\projects\adventofcode2022\adventofcodecpp\x64\debug\coordinate.obj
c:\projects\adventofcode2022\adventofcodecpp\x64\debug\day9.obj
c:\projects\adventofcode2022\adventofcodecpp\x64\debug\day10.obj
c:\projects\adventofcode2022\adventofcodecpp\x64\debug\day11.obj
c:\projects\adventofcode2022\adventofcodecpp\x64\debug\day12.obj
c:\projects\adventofcode2022\adventofcodecpp\x64\debug\day13.obj
c:\projects\adventofcode2022\adventofcodecpp\x64\debug\day13_2.obj
c:\projects\adventofcode2022\adventofcodecpp\x64\debug\adventofcodecpp.exe
c:\projects\adventofcode2022\adventofcodecpp\x64\debug\adventofcodecpp.ilk
c:\projects\adventofcode2022\adventofcodecpp\x64\debug\adventofcodecpp.pdb
c:\projects\adventofcode2022\adventofcodecpp\x64\debug\day8_2.obj
c:\projects\adventofcode2022\adventofcodecpp\x64\debug\adventofcodecpp.obj.enc
c:\projects\adventofcode2022\adventofcodecpp\x64\debug\day12.obj.enc
c:\projects\adventofcode2022\adventofcodecpp\x64\debug\day8.obj.enc
c:\projects\adventofcode2022\adventofcodecpp\x64\debug\adventofcodecpp.tlog\cl.command.1.tlog
c:\projects\adventofcode2022\adventofcodecpp\x64\debug\adventofcodecpp.tlog\cl.read.1.tlog
c:\projects\adventofcode2022\adventofcodecpp\x64\debug\adventofcodecpp.tlog\cl.write.1.tlog
c:\projects\adventofcode2022\adventofcodecpp\x64\debug\adventofcodecpp.tlog\link.command.1.tlog
c:\projects\adventofcode2022\adventofcodecpp\x64\debug\adventofcodecpp.tlog\link.read.1.tlog
c:\projects\adventofcode2022\adventofcodecpp\x64\debug\adventofcodecpp.tlog\link.write.1.tlog
